<?xml version="1.0" encoding="UTF-8"?>
<!-- Generated by org.testng.reporters.JUnitXMLReporter -->
<testsuite ignored="0" hostname="MT202001-0097.local" failures="0" tests="3" name="Default test" time="27.008" errors="0" timestamp="2024-12-08T11:22:03 IST">
  <testcase classname="linguistselfbilling.Test.Adminlogin" name="StaffloginTest" time="4.383"/>
  <testcase classname="io.cucumber.testng.AbstractTestNGCucumberTests" name="runScenario" time="8.726"/>
  <testcase classname="io.cucumber.testng.AbstractTestNGCucumberTests" name="runScenario" time="9.183"/>
</testsuite> <!-- Default test -->
