<?xml version="1.0" encoding="UTF-8"?>
<testng-results ignored="0" total="2" passed="2" failed="0" skipped="0">
  <reporter-output>
  </reporter-output>
  <suite started-at="2024-12-15T19:21:34 IST" name="suite" finished-at="2024-12-15T19:21:54 IST" duration-ms="19842">
    <groups>
    </groups>
    <test started-at="2024-12-15T19:21:34 IST" name="Test" finished-at="2024-12-15T19:21:54 IST" duration-ms="19842">
      <class name="sampleproject.Test.Adminlogin">
        <test-method is-config="true" signature="launchapplication()[pri:0, instance:sampleproject.Test.Adminlogin@241a53ef]" started-at="2024-12-15T19:21:34 IST" name="launchapplication" finished-at="2024-12-15T19:21:38 IST" duration-ms="4119" status="PASS">
          <reporter-output>
          </reporter-output>
        </test-method> <!-- launchapplication -->
        <test-method signature="StaffloginTest(java.util.HashMap)[pri:0, instance:sampleproject.Test.Adminlogin@241a53ef]" started-at="2024-12-15T19:21:38 IST" name="StaffloginTest" data-provider="Data" finished-at="2024-12-15T19:21:49 IST" duration-ms="10683" status="PASS">
          <params>
            <param index="0">
              <value>
                <![CDATA[{email=saravanakumar@mallow-tech.com, Password=Mallow@12345%}]]>
              </value>
            </param>
          </params>
          <reporter-output>
          </reporter-output>
        </test-method> <!-- StaffloginTest -->
        <test-method signature="fillform()[pri:0, instance:sampleproject.Test.Adminlogin@241a53ef]" started-at="2024-12-15T19:21:49 IST" name="fillform" finished-at="2024-12-15T19:21:54 IST" depends-on-methods="sampleproject.Test.Adminlogin.StaffloginTest" duration-ms="4797" status="PASS">
          <reporter-output>
          </reporter-output>
        </test-method> <!-- fillform -->
        <test-method is-config="true" signature="closeBrowser()[pri:0, instance:sampleproject.Test.Adminlogin@241a53ef]" started-at="2024-12-15T19:21:54 IST" name="closeBrowser" finished-at="2024-12-15T19:21:54 IST" duration-ms="142" status="PASS">
          <reporter-output>
          </reporter-output>
        </test-method> <!-- closeBrowser -->
      </class> <!-- sampleproject.Test.Adminlogin -->
    </test> <!-- Test -->
  </suite> <!-- suite -->
</testng-results>
