<?xml version="1.0" encoding="UTF-8"?>
<testng-results ignored="0" total="2" passed="2" failed="0" skipped="0">
  <reporter-output>
  </reporter-output>
  <suite started-at="2024-12-02T22:21:34 IST" name="Default suite" finished-at="2024-12-02T22:22:05 IST" duration-ms="30656">
    <groups>
      <group name="cucumber">
        <method signature="AbstractTestNGCucumberTests.runScenario(io.cucumber.testng.PickleWrapper,io.cucumber.testng.FeatureWrapper)[pri:0, instance:cucumber.TestNGTestRunner@57a78e3]" name="runScenario" class="io.cucumber.testng.AbstractTestNGCucumberTests"/>
      </group> <!-- cucumber -->
    </groups>
    <test started-at="2024-12-02T22:21:34 IST" name="Default test" finished-at="2024-12-02T22:22:05 IST" duration-ms="30656">
      <class name="cucumber.TestNGTestRunner">
        <test-method is-config="true" signature="setUpClass(org.testng.ITestContext)[pri:0, instance:cucumber.TestNGTestRunner@57a78e3]" started-at="2024-12-02T22:21:34 IST" name="setUpClass" finished-at="2024-12-02T22:21:35 IST" duration-ms="231" status="PASS">
          <params>
            <param index="0">
              <value>
                <![CDATA[org.testng.TestRunner@2f37f1f9]]>
              </value>
            </param>
          </params>
          <reporter-output>
          </reporter-output>
        </test-method> <!-- setUpClass -->
        <test-method signature="runScenario(io.cucumber.testng.PickleWrapper,io.cucumber.testng.FeatureWrapper)[pri:0, instance:cucumber.TestNGTestRunner@57a78e3]" started-at="2024-12-02T22:21:35 IST" name="runScenario" description="Runs Cucumber Scenarios" data-provider="scenarios" finished-at="2024-12-02T22:21:52 IST" duration-ms="17088" status="PASS">
          <params>
            <param index="0">
              <value>
                <![CDATA["Login with positive scenarios"]]>
              </value>
            </param>
            <param index="1">
              <value>
                <![CDATA["Login into application"]]>
              </value>
            </param>
          </params>
          <reporter-output>
          </reporter-output>
        </test-method> <!-- runScenario -->
        <test-method signature="runScenario(io.cucumber.testng.PickleWrapper,io.cucumber.testng.FeatureWrapper)[pri:0, instance:cucumber.TestNGTestRunner@57a78e3]" started-at="2024-12-02T22:21:52 IST" name="runScenario" description="Runs Cucumber Scenarios" data-provider="scenarios" finished-at="2024-12-02T22:22:05 IST" duration-ms="13297" status="PASS">
          <params>
            <param index="0">
              <value>
                <![CDATA["Login with positive scenarios"]]>
              </value>
            </param>
            <param index="1">
              <value>
                <![CDATA["Login into application"]]>
              </value>
            </param>
          </params>
          <reporter-output>
          </reporter-output>
        </test-method> <!-- runScenario -->
        <test-method is-config="true" signature="tearDownClass()[pri:0, instance:cucumber.TestNGTestRunner@57a78e3]" started-at="2024-12-02T22:22:05 IST" name="tearDownClass" finished-at="2024-12-02T22:22:05 IST" duration-ms="19" status="PASS">
          <reporter-output>
          </reporter-output>
        </test-method> <!-- tearDownClass -->
      </class> <!-- cucumber.TestNGTestRunner -->
    </test> <!-- Default test -->
  </suite> <!-- Default suite -->
</testng-results>
